0 info it worked if it ends with ok
1 verbose cli [ 'C:\\Program Files\\nodejs\\\\node.exe',
1 verbose cli   'C:\\Program Files\\nodejs\\node_modules\\npm\\bin\\npm-cli.js',
1 verbose cli   'install',
1 verbose cli   'mongoDB' ]
2 info using npm@2.10.1
3 info using node@v0.12.4
4 verbose install initial load of C:\Users\Andy\Documents\GitHub\angularsandbox\package.json
5 verbose installManyTop reading scoped package data from C:\Users\Andy\Documents\GitHub\angularsandbox\node_modules\express\package.json
6 verbose readDependencies loading dependencies from C:\Users\Andy\Documents\GitHub\angularsandbox\package.json
7 silly cache add args [ 'mongoDB', null ]
8 verbose cache add spec mongoDB
9 silly cache add parsed spec { raw: 'mongoDB',
9 silly cache add   scope: null,
9 silly cache add   name: 'mongoDB',
9 silly cache add   rawSpec: '',
9 silly cache add   spec: '*',
9 silly cache add   type: 'range' }
10 silly addNamed mongoDB@*
11 verbose addNamed "*" is a valid semver range for mongoDB
12 silly addNameRange { name: 'mongoDB', range: '*', hasData: false }
13 silly mapToRegistry name mongoDB
14 silly mapToRegistry using default registry
15 silly mapToRegistry registry https://registry.npmjs.org/
16 silly mapToRegistry uri https://registry.npmjs.org/mongoDB
17 verbose addNameRange registry:https://registry.npmjs.org/mongoDB not in flight; fetching
18 verbose request uri https://registry.npmjs.org/mongoDB
19 verbose request no auth needed
20 info attempt registry request try #1 at 9:40:02 PM
21 verbose request id f9a4eeb088d62a85
22 http request GET https://registry.npmjs.org/mongoDB
23 http 404 https://registry.npmjs.org/mongoDB
24 verbose headers { server: 'CouchDB/1.5.0 (Erlang OTP/R16B03)',
24 verbose headers   'content-type': 'application/json',
24 verbose headers   'cache-control': 'max-age=0',
24 verbose headers   'content-length': '51',
24 verbose headers   'accept-ranges': 'bytes',
24 verbose headers   date: 'Sat, 20 Jun 2015 01:40:01 GMT',
24 verbose headers   via: '1.1 varnish',
24 verbose headers   age: '0',
24 verbose headers   connection: 'keep-alive',
24 verbose headers   'x-served-by': 'cache-jfk1021-JFK',
24 verbose headers   'x-cache': 'MISS',
24 verbose headers   'x-cache-hits': '0',
24 verbose headers   'x-timer': 'S1434764401.261147,VS0,VE94' }
25 silly get cb [ 404,
25 silly get   { server: 'CouchDB/1.5.0 (Erlang OTP/R16B03)',
25 silly get     'content-type': 'application/json',
25 silly get     'cache-control': 'max-age=0',
25 silly get     'content-length': '51',
25 silly get     'accept-ranges': 'bytes',
25 silly get     date: 'Sat, 20 Jun 2015 01:40:01 GMT',
25 silly get     via: '1.1 varnish',
25 silly get     age: '0',
25 silly get     connection: 'keep-alive',
25 silly get     'x-served-by': 'cache-jfk1021-JFK',
25 silly get     'x-cache': 'MISS',
25 silly get     'x-cache-hits': '0',
25 silly get     'x-timer': 'S1434764401.261147,VS0,VE94' } ]
26 verbose stack Error: 404 Not Found: mongoDB
26 verbose stack     at CachingRegistryClient.<anonymous> (C:\Program Files\nodejs\node_modules\npm\node_modules\npm-registry-client\lib\request.js:245:14)
26 verbose stack     at Request._callback (C:\Program Files\nodejs\node_modules\npm\node_modules\npm-registry-client\lib\request.js:170:14)
26 verbose stack     at Request.self.callback (C:\Program Files\nodejs\node_modules\npm\node_modules\request\request.js:368:22)
26 verbose stack     at Request.emit (events.js:110:17)
26 verbose stack     at Request.<anonymous> (C:\Program Files\nodejs\node_modules\npm\node_modules\request\request.js:1219:14)
26 verbose stack     at Request.emit (events.js:129:20)
26 verbose stack     at IncomingMessage.<anonymous> (C:\Program Files\nodejs\node_modules\npm\node_modules\request\request.js:1167:12)
26 verbose stack     at IncomingMessage.emit (events.js:129:20)
26 verbose stack     at _stream_readable.js:908:16
26 verbose stack     at process._tickCallback (node.js:355:11)
27 verbose statusCode 404
28 verbose pkgid mongoDB
29 verbose cwd C:\Users\Andy\Documents\GitHub\angularsandbox
30 error Windows_NT 6.3.9600
31 error argv "C:\\Program Files\\nodejs\\\\node.exe" "C:\\Program Files\\nodejs\\node_modules\\npm\\bin\\npm-cli.js" "install" "mongoDB"
32 error node v0.12.4
33 error npm  v2.10.1
34 error code E404
35 error 404 Not Found: mongoDB
35 error 404
35 error 404 'mongoDB' is not in the npm registry.
35 error 404 You should bug the author to publish it (or use the name yourself!)
35 error 404
35 error 404 Note that you can also install from a
35 error 404 tarball, folder, http url, or git url.
36 verbose exit [ 1, true ]
